[    7338ms] [ERROR] Failed to load resource: the server responded with a status of 400 (Bad Request) @ http://localhost:5000/api/v1/class/lecturer:0
[    9585ms] [ERROR] Failed to load resource: the server responded with a status of 400 (Bad Request) @ http://localhost:5000/api/v1/class/lecturer:0
[   12588ms] [WARNING] The resource http://localhost:3000/_next/static/media/Satoshi_VariableItalic-s.p.14_dcl7erp6w3.woff2 was preloaded using link preload but not used within a few seconds from the window's load event. Please make sure it has an appropriate `as` value and it is preloaded intentionally. @ http://localhost:3000/lecturer:0
[   62902ms] [WARNING] The resource http://localhost:3000/_next/static/media/Satoshi_VariableItalic-s.p.14_dcl7erp6w3.woff2 was preloaded using link preload but not used within a few seconds from the window's load event. Please make sure it has an appropriate `as` value and it is preloaded intentionally. @ http://localhost:3000/login:0
[  100556ms] [WARNING] The resource http://localhost:3000/_next/static/media/Satoshi_VariableItalic-s.p.14_dcl7erp6w3.woff2 was preloaded using link preload but not used within a few seconds from the window's load event. Please make sure it has an appropriate `as` value and it is preloaded intentionally. @ http://localhost:3000/admin:0
[  102228ms] [ERROR] Error: <svg> attribute width: Expected length, "NaN". @ http://localhost:3000/_next/static/chunks/node_modules_03xk6n-._.js:1357
[  102229ms] [ERROR] Error: <foreignObject> attribute width: Expected length, "NaN". @ http://localhost:3000/_next/static/chunks/node_modules_03xk6n-._.js:1357
[  102232ms] [ERROR] Error: <g> attribute transform: Expected number, "translate(NaN, 0) scale(1)". @ http://localhost:3000/_next/static/chunks/node_modules_03xk6n-._.js:15498
[  102232ms] [ERROR] Error: <g> attribute transform: Expected number, "translate(NaN, 0) scale(1)". @ http://localhost:3000/_next/static/chunks/node_modules_03xk6n-._.js:15498
[  102233ms] [ERROR] Error: <g> attribute transform: Expected number, "translate(NaN, 0) scale(1)". @ http://localhost:3000/_next/static/chunks/node_modules_03xk6n-._.js:15498
[  102234ms] [ERROR] Error: <g> attribute transform: Expected number, "translate(NaN, 0)". @ http://localhost:3000/_next/static/chunks/node_modules_03xk6n-._.js:1357
[  102235ms] [ERROR] Error: <foreignObject> attribute height: Expected length, "NaN". @ http://localhost:3000/_next/static/chunks/node_modules_03xk6n-._.js:14476
[  102235ms] [ERROR] Error: <svg> attribute height: Expected length, "NaN". @ http://localhost:3000/_next/static/chunks/node_modules_03xk6n-._.js:1357
[  102235ms] [ERROR] Error: <svg> attribute width: Expected length, "NaN". @ http://localhost:3000/_next/static/chunks/node_modules_03xk6n-._.js:1357
[  102235ms] [ERROR] Error: <foreignObject> attribute width: Expected length, "NaN". @ http://localhost:3000/_next/static/chunks/node_modules_03xk6n-._.js:1357
[  102236ms] [ERROR] Error: <path> attribute d: Expected number, "M e -17 1.47500000…". @ http://localhost:3000/_next/static/chunks/node_modules_03xk6n-._.js:15498
[  102237ms] [ERROR] Error: <circle> attribute r: A negative value is not valid. ("-3.3000000000000007") @ http://localhost:3000/_next/static/chunks/node_modules_03xk6n-._.js:15498
[  102237ms] [ERROR] Error: <path> attribute d: Expected number, "M e -17 1.47500000…". @ http://localhost:3000/_next/static/chunks/node_modules_03xk6n-._.js:15498
[  102238ms] [ERROR] Error: <g> attribute transform: Expected number, "translate(NaN, 0)". @ http://localhost:3000/_next/static/chunks/node_modules_03xk6n-._.js:1357
[  105079ms] [WARNING] The resource http://localhost:3000/_next/static/media/Satoshi_VariableItalic-s.p.14_dcl7erp6w3.woff2 was preloaded using link preload but not used within a few seconds from the window's load event. Please make sure it has an appropriate `as` value and it is preloaded intentionally. @ http://localhost:3000/admin/lecturers:0
[  115354ms] [WARNING] The resource http://localhost:3000/_next/static/media/Satoshi_VariableItalic-s.p.14_dcl7erp6w3.woff2 was preloaded using link preload but not used within a few seconds from the window's load event. Please make sure it has an appropriate `as` value and it is preloaded intentionally. @ http://localhost:3000/admin/lecturers/list:0
[  137752ms] [WARNING] The resource http://localhost:3000/_next/static/media/Satoshi_VariableItalic-s.p.14_dcl7erp6w3.woff2 was preloaded using link preload but not used within a few seconds from the window's load event. Please make sure it has an appropriate `as` value and it is preloaded intentionally. @ http://localhost:3000/admin/classes/list:0
[  165757ms] [WARNING] The resource http://localhost:3000/_next/static/media/Satoshi_VariableItalic-s.p.14_dcl7erp6w3.woff2 was preloaded using link preload but not used within a few seconds from the window's load event. Please make sure it has an appropriate `as` value and it is preloaded intentionally. @ http://localhost:3000/admin/lecturers/list:0
[  319001ms] [WARNING] The resource http://localhost:3000/_next/static/media/Satoshi_VariableItalic-s.p.14_dcl7erp6w3.woff2 was preloaded using link preload but not used within a few seconds from the window's load event. Please make sure it has an appropriate `as` value and it is preloaded intentionally. @ http://localhost:3000/admin/lecturers/list:0
[  428333ms] [WARNING] The resource http://localhost:3000/_next/static/media/Satoshi_VariableItalic-s.p.14_dcl7erp6w3.woff2 was preloaded using link preload but not used within a few seconds from the window's load event. Please make sure it has an appropriate `as` value and it is preloaded intentionally. @ http://localhost:3000/admin/lecturers/list:0
[  445850ms] [WARNING] The resource http://localhost:3000/_next/static/media/Satoshi_VariableItalic-s.p.14_dcl7erp6w3.woff2 was preloaded using link preload but not used within a few seconds from the window's load event. Please make sure it has an appropriate `as` value and it is preloaded intentionally. @ http://localhost:3000/admin/lecturers/list:0
[ 1219304ms] [ERROR] Error: <svg> attribute width: Expected length, "NaN". @ http://localhost:3000/_next/static/chunks/node_modules_03xk6n-._.js:1357
[ 1219304ms] [ERROR] Error: <foreignObject> attribute width: Expected length, "NaN". @ http://localhost:3000/_next/static/chunks/node_modules_03xk6n-._.js:1357
[ 1219306ms] [ERROR] Error: <g> attribute transform: Expected number, "translate(NaN, 0) scale(1)". @ http://localhost:3000/_next/static/chunks/node_modules_03xk6n-._.js:15498
[ 1219306ms] [ERROR] Error: <g> attribute transform: Expected number, "translate(NaN, 0) scale(1)". @ http://localhost:3000/_next/static/chunks/node_modules_03xk6n-._.js:15498
[ 1219307ms] [ERROR] Error: <g> attribute transform: Expected number, "translate(NaN, 0) scale(1)". @ http://localhost:3000/_next/static/chunks/node_modules_03xk6n-._.js:15498
[ 1219307ms] [ERROR] Error: <g> attribute transform: Expected number, "translate(NaN, 0)". @ http://localhost:3000/_next/static/chunks/node_modules_03xk6n-._.js:1357
[ 1219309ms] [ERROR] Error: <foreignObject> attribute height: Expected length, "NaN". @ http://localhost:3000/_next/static/chunks/node_modules_03xk6n-._.js:14476
[ 1219309ms] [ERROR] Error: <svg> attribute height: Expected length, "NaN". @ http://localhost:3000/_next/static/chunks/node_modules_03xk6n-._.js:1357
[ 1219309ms] [ERROR] Error: <svg> attribute width: Expected length, "NaN". @ http://localhost:3000/_next/static/chunks/node_modules_03xk6n-._.js:1357
[ 1219309ms] [ERROR] Error: <foreignObject> attribute width: Expected length, "NaN". @ http://localhost:3000/_next/static/chunks/node_modules_03xk6n-._.js:1357
[ 1219310ms] [ERROR] Error: <path> attribute d: Expected number, "M e -17 1.47500000…". @ http://localhost:3000/_next/static/chunks/node_modules_03xk6n-._.js:15498
[ 1219311ms] [ERROR] Error: <circle> attribute r: A negative value is not valid. ("-3.3000000000000007") @ http://localhost:3000/_next/static/chunks/node_modules_03xk6n-._.js:15498
[ 1219311ms] [ERROR] Error: <path> attribute d: Expected number, "M e -17 1.47500000…". @ http://localhost:3000/_next/static/chunks/node_modules_03xk6n-._.js:15498
[ 1219311ms] [ERROR] Error: <g> attribute transform: Expected number, "translate(NaN, 0)". @ http://localhost:3000/_next/static/chunks/node_modules_03xk6n-._.js:1357
[ 1654958ms] [ERROR] Failed to load resource: the server responded with a status of 400 (Bad Request) @ http://localhost:5000/api/v1/admin/reset-password/69c3149e756d15f960e7806c:0
[ 1671935ms] [ERROR] Failed to load resource: the server responded with a status of 400 (Bad Request) @ http://localhost:5000/api/v1/admin/reset-password/69c3149e756d15f960e7806c:0
[ 1705891ms] [ERROR] Failed to load resource: the server responded with a status of 400 (Bad Request) @ http://localhost:5000/api/v1/admin/reset-password/69c3149e756d15f960e7806c:0
[ 2046069ms] [WARNING] [Fast Refresh] performing full reload

Fast Refresh will perform a full reload when you edit a file that's imported by modules outside of the React rendering tree.
You might have a file which exports a React component but also exports a value that is imported by a non-React component file.
Consider migrating the non-React component export to a separate file and importing it into both files.

It is also possible the parent component of the component you edited is a class component, which disables Fast Refresh.
Fast Refresh requires at least one parent function component in your React tree. @ http://localhost:3000/_next/static/chunks/node_modules_next_dist_115brz8._.js:2431
[ 2055688ms] [WARNING] The resource http://localhost:3000/_next/static/media/Satoshi_VariableItalic-s.p.14_dcl7erp6w3.woff2 was preloaded using link preload but not used within a few seconds from the window's load event. Please make sure it has an appropriate `as` value and it is preloaded intentionally. @ http://localhost:3000/admin/lecturers/list:0
[ 2059908ms] [WARNING] The resource http://localhost:3000/_next/static/media/Satoshi_VariableItalic-s.p.14_dcl7erp6w3.woff2 was preloaded using link preload but not used within a few seconds from the window's load event. Please make sure it has an appropriate `as` value and it is preloaded intentionally. @ http://localhost:3000/admin/lecturers/list:0
[ 2081392ms] [WARNING] The resource http://localhost:3000/_next/static/media/Satoshi_VariableItalic-s.p.14_dcl7erp6w3.woff2 was preloaded using link preload but not used within a few seconds from the window's load event. Please make sure it has an appropriate `as` value and it is preloaded intentionally. @ http://localhost:3000/admin/lecturers/list:0
[ 2195654ms] [WARNING] The resource http://localhost:3000/_next/static/media/Satoshi_VariableItalic-s.p.14_dcl7erp6w3.woff2 was preloaded using link preload but not used within a few seconds from the window's load event. Please make sure it has an appropriate `as` value and it is preloaded intentionally. @ http://localhost:3000/login:0
[ 2214691ms] [ERROR] Failed to load resource: the server responded with a status of 403 (Forbidden) @ http://localhost:5001/api/v1/class/lecturer:0
[ 2216252ms] [ERROR] Failed to load resource: the server responded with a status of 403 (Forbidden) @ http://localhost:5001/api/v1/class/lecturer:0
[ 2220501ms] [WARNING] The resource http://localhost:3000/_next/static/media/Satoshi_VariableItalic-s.p.14_dcl7erp6w3.woff2 was preloaded using link preload but not used within a few seconds from the window's load event. Please make sure it has an appropriate `as` value and it is preloaded intentionally. @ http://localhost:3000/lecturer:0
[ 2230530ms] [ERROR] Failed to load resource: the server responded with a status of 404 (Not Found) @ http://localhost:3000/lecturer/subjects?_rsc=14wpc:0
[ 2230650ms] [ERROR] Failed to load resource: the server responded with a status of 404 (Not Found) @ http://localhost:3000/lecturer/subjects:0
[ 2235490ms] [WARNING] The resource http://localhost:3000/_next/static/media/Satoshi_VariableItalic-s.p.14_dcl7erp6w3.woff2 was preloaded using link preload but not used within a few seconds from the window's load event. Please make sure it has an appropriate `as` value and it is preloaded intentionally. @ http://localhost:3000/lecturer:0
[ 2236521ms] [ERROR] Failed to load resource: the server responded with a status of 403 (Forbidden) @ http://localhost:5001/api/v1/class/lecturer:0
[ 2238227ms] [ERROR] Failed to load resource: the server responded with a status of 403 (Forbidden) @ http://localhost:5001/api/v1/class/lecturer:0
[ 2241427ms] [WARNING] The resource http://localhost:3000/_next/static/media/Satoshi_VariableItalic-s.p.14_dcl7erp6w3.woff2 was preloaded using link preload but not used within a few seconds from the window's load event. Please make sure it has an appropriate `as` value and it is preloaded intentionally. @ http://localhost:3000/lecturer:0
[ 2245045ms] [ERROR] Failed to load resource: the server responded with a status of 403 (Forbidden) @ http://localhost:5001/api/v1/class/lecturer:0
[ 2247661ms] [ERROR] Failed to load resource: the server responded with a status of 403 (Forbidden) @ http://localhost:5001/api/v1/class/lecturer:0
[ 2250662ms] [WARNING] The resource http://localhost:3000/_next/static/media/Satoshi_VariableItalic-s.p.14_dcl7erp6w3.woff2 was preloaded using link preload but not used within a few seconds from the window's load event. Please make sure it has an appropriate `as` value and it is preloaded intentionally. @ http://localhost:3000/lecturer/classes:0
[ 2256679ms] [WARNING] The resource http://localhost:3000/_next/static/media/Satoshi_VariableItalic-s.p.14_dcl7erp6w3.woff2 was preloaded using link preload but not used within a few seconds from the window's load event. Please make sure it has an appropriate `as` value and it is preloaded intentionally. @ http://localhost:3000/lecturer/assignments:0
[ 2263821ms] [ERROR] Failed to load resource: the server responded with a status of 403 (Forbidden) @ http://localhost:5001/api/v1/class/lecturer:0
[ 2265166ms] [ERROR] Failed to load resource: the server responded with a status of 403 (Forbidden) @ http://localhost:5001/api/v1/class/lecturer:0
[ 2268167ms] [WARNING] The resource http://localhost:3000/_next/static/media/Satoshi_VariableItalic-s.p.14_dcl7erp6w3.woff2 was preloaded using link preload but not used within a few seconds from the window's load event. Please make sure it has an appropriate `as` value and it is preloaded intentionally. @ http://localhost:3000/lecturer/attendance:0
[ 2308112ms] [ERROR] Failed to load resource: the server responded with a status of 403 (Forbidden) @ http://localhost:5001/api/v1/class/lecturer:0
[ 2309458ms] [ERROR] Failed to load resource: the server responded with a status of 403 (Forbidden) @ http://localhost:5001/api/v1/class/lecturer:0
[ 2312461ms] [WARNING] The resource http://localhost:3000/_next/static/media/Satoshi_VariableItalic-s.p.14_dcl7erp6w3.woff2 was preloaded using link preload but not used within a few seconds from the window's load event. Please make sure it has an appropriate `as` value and it is preloaded intentionally. @ http://localhost:3000/lecturer/classes:0
